#
# A fatal error has been detected by the Java Runtime Environment:
#
#  EXCEPTION_ACCESS_VIOLATION (0xc0000005) at pc=0x000000005de09f3c, pid=11060, tid=0x0000000000002a5c
#
# JRE version: OpenJDK Runtime Environment (8.0_112-b06) (build 1.8.0_112-release-b06)
# Java VM: OpenJDK 64-Bit Server VM (25.112-b06 mixed mode windows-amd64 compressed oops)
# Problematic frame:
# V  [jvm.dll+0x4d9f3c]
#
# Failed to write core dump. Minidumps are not enabled by default on client versions of Windows
#
# If you would like to submit a bug report, please visit:
#   http://bugreport.java.com/bugreport/crash.jsp
#

---------------  T H R E A D  ---------------

Current thread (0x0000000016c89800):  JavaThread "C2 CompilerThread1" daemon [_thread_in_native, id=10844, stack(0x00000000183f0000,0x00000000184f0000)]

siginfo: ExceptionCode=0xc0000005, reading address 0xffffffffffffffff

Registers:
RAX=0x00000000184ec4c0, RBX=0x0000000000000080, RCX=0x000000001aec7bc0, RDX=0x0000000000003082
RSP=0x00000000184ec070, RBP=0x00000000184ec170, RSI=0x0000000000000002, RDI=0x0000000000000000
R8 =0x0000000000000001, R9 =0x0000000000000001, R10=0x004000001ad27100, R11=0x00000000184ec550
R12=0x000000001cef4cb0, R13=0x0000000000000010, R14=0x0000000000000001, R15=0x0000000000000001
RIP=0x000000005de09f3c, EFLAGS=0x0000000000010246

Top of Stack: (sp=0x00000000184ec070)
0x00000000184ec070:   00000000184ec550 000000001ea35eb0
0x00000000184ec080:   0000000000000001 000000001ad27250
0x00000000184ec090:   0000000019931840 0000000019931800
0x00000000184ec0a0:   0000000000000001 000000000000000e
0x00000000184ec0b0:   000000001cef4cb0 000000800000005e
0x00000000184ec0c0:   0000000000000000 0000000000000007
0x00000000184ec0d0:   000000001d3509a0 000000001cef4f60
0x00000000184ec0e0:   000000001aea3890 000000010000021e
0x00000000184ec0f0:   004000001ad27100 0000000000000010
0x00000000184ec100:   000000001ae9fd10 000000000000021e
0x00000000184ec110:   0000000000000030 000000001ae9fd10
0x00000000184ec120:   000000000029e8b0 000000001ae9fc00
0x00000000184ec130:   000000001aea7be8 0000000003312550
0x00000000184ec140:   0000000000000000 0000000000000000
0x00000000184ec150:   0000000000000000 0000000000000000
0x00000000184ec160:   0000000000000000 00000000002146c0 

Instructions: (pc=0x000000005de09f3c)
0x000000005de09f1c:   7d a0 44 3b b5 80 00 00 00 0f 82 c7 fe ff ff 8b
0x000000005de09f2c:   5c 24 4c 8b b5 88 00 00 00 44 8b bd 80 00 00 00
0x000000005de09f3c:   41 8b 7a 4c 4c 8b 75 90 49 83 3c fe 00 0f 84 cf
0x000000005de09f4c:   02 00 00 45 8b 4a 48 45 33 c0 45 85 c9 74 23 49 


Register to memory mapping:

RAX=0x00000000184ec4c0 is pointing into the stack for thread: 0x0000000016c89800
RBX=0x0000000000000080 is an unknown value
RCX=0x000000001aec7bc0 is an unknown value
RDX=0x0000000000003082 is an unknown value
RSP=0x00000000184ec070 is pointing into the stack for thread: 0x0000000016c89800
RBP=0x00000000184ec170 is pointing into the stack for thread: 0x0000000016c89800
RSI=0x0000000000000002 is an unknown value
RDI=0x0000000000000000 is an unknown value
R8 =0x0000000000000001 is an unknown value
R9 =0x0000000000000001 is an unknown value
R10=0x004000001ad27100 is an unknown value
R11=0x00000000184ec550 is pointing into the stack for thread: 0x0000000016c89800
R12=0x000000001cef4cb0 is an unknown value
R13=0x0000000000000010 is an unknown value
R14=0x0000000000000001 is an unknown value
R15=0x0000000000000001 is an unknown value


Stack: [0x00000000183f0000,0x00000000184f0000],  sp=0x00000000184ec070,  free space=1008k
Native frames: (J=compiled Java code, j=interpreted, Vv=VM code, C=native code)
V  [jvm.dll+0x4d9f3c]
V  [jvm.dll+0x432d13]
V  [jvm.dll+0x43d6bb]
V  [jvm.dll+0x43ff8e]
V  [jvm.dll+0x423242]
V  [jvm.dll+0x80b29]
V  [jvm.dll+0x8145f]
V  [jvm.dll+0x21be7f]
V  [jvm.dll+0x26c13a]
C  [msvcr100.dll+0x21d9f]
C  [msvcr100.dll+0x21e3b]
C  [KERNEL32.DLL+0x8364]
C  [ntdll.dll+0x670d1]


Current CompileTask:
C2:   9852 4191       4       sun.reflect.generics.parser.SignatureParser::parseFieldTypeSignature (73 bytes)


---------------  P R O C E S S  ---------------

Java Threads: ( => current thread )
  0x000000001a212800 JavaThread "pool-2-thread-1" [_thread_blocked, id=3952, stack(0x000000001db30000,0x000000001dc30000)]
  0x000000001a94a800 JavaThread "File lock request listener" [_thread_in_native, id=6564, stack(0x000000001c660000,0x000000001c760000)]
  0x0000000019b11800 JavaThread "Stdin handler" [_thread_blocked, id=7156, stack(0x000000001c360000,0x000000001c460000)]
  0x0000000019b11000 JavaThread "Asynchronous log dispatcher for DefaultDaemonConnection: socket connection from /127.0.0.1:25558 to /127.0.0.1:25559" [_thread_blocked, id=10260, stack(0x000000001c260000,0x000000001c360000)]
  0x0000000019a74000 JavaThread "Daemon worker" [_thread_in_Java, id=10364, stack(0x000000001c160000,0x000000001c260000)]
  0x0000000019a73000 JavaThread "Cancel handler" [_thread_blocked, id=868, stack(0x000000001c060000,0x000000001c160000)]
  0x0000000019a02800 JavaThread "pool-1-thread-1" [_thread_blocked, id=9976, stack(0x000000001bf60000,0x000000001c060000)]
  0x00000000199fb000 JavaThread "Handler for socket connection from /127.0.0.1:25558 to /127.0.0.1:25559" [_thread_in_native, id=4004, stack(0x000000001be60000,0x000000001bf60000)]
  0x00000000199f8800 JavaThread "Daemon" [_thread_blocked, id=10440, stack(0x000000001bd60000,0x000000001be60000)]
  0x00000000198f7000 JavaThread "Incoming local TCP Connector on port 25558" [_thread_in_native, id=5732, stack(0x000000001a3c0000,0x000000001a4c0000)]
  0x0000000016cee000 JavaThread "Service Thread" daemon [_thread_blocked, id=5784, stack(0x00000000189f0000,0x0000000018af0000)]
  0x0000000016ceb000 JavaThread "C1 CompilerThread2" daemon [_thread_in_native, id=10072, stack(0x00000000184f0000,0x00000000185f0000)]
=>0x0000000016c89800 JavaThread "C2 CompilerThread1" daemon [_thread_in_native, id=10844, stack(0x00000000183f0000,0x00000000184f0000)]
  0x0000000016c98000 JavaThread "C2 CompilerThread0" daemon [_thread_in_native, id=10496, stack(0x00000000182f0000,0x00000000183f0000)]
  0x0000000016c97000 JavaThread "Attach Listener" daemon [_thread_blocked, id=832, stack(0x00000000181f0000,0x00000000182f0000)]
  0x0000000016c96000 JavaThread "Signal Dispatcher" daemon [_thread_blocked, id=2396, stack(0x00000000180f0000,0x00000000181f0000)]
  0x0000000016c78000 JavaThread "Finalizer" daemon [_thread_blocked, id=10836, stack(0x0000000017ee0000,0x0000000017fe0000)]
  0x0000000016c56800 JavaThread "Reference Handler" daemon [_thread_blocked, id=10292, stack(0x0000000017de0000,0x0000000017ee0000)]
  0x0000000003220800 JavaThread "main" [_thread_blocked, id=1840, stack(0x0000000003080000,0x0000000003180000)]

Other Threads:
  0x0000000016c54000 VMThread [stack: 0x0000000017ce0000,0x0000000017de0000] [id=7816]
  0x00000000185fa000 WatcherThread [stack: 0x0000000018af0000,0x0000000018bf0000] [id=2148]

VM state:not at safepoint (normal execution)

VM Mutex/Monitor currently owned by a thread: None

Heap:
 PSYoungGen      total 98816K, used 51391K [0x00000000e0000000, 0x00000000e6c00000, 0x0000000100000000)
  eden space 87552K, 50% used [0x00000000e0000000,0x00000000e2b67370,0x00000000e5580000)
  from space 11264K, 61% used [0x00000000e6080000,0x00000000e6748918,0x00000000e6b80000)
  to   space 11264K, 0% used [0x00000000e5580000,0x00000000e5580000,0x00000000e6080000)
 ParOldGen       total 95744K, used 14651K [0x00000000a0000000, 0x00000000a5d80000, 0x00000000e0000000)
  object space 95744K, 15% used [0x00000000a0000000,0x00000000a0e4ecf8,0x00000000a5d80000)
 Metaspace       used 42760K, capacity 43742K, committed 43904K, reserved 1087488K
  class space    used 5758K, capacity 6012K, committed 6016K, reserved 1048576K

Card table byte_map: [0x00000000126e0000,0x00000000129f0000] byte_map_base: 0x00000000121e0000

Marking Bits: (ParMarkBitMap*) 0x000000005e0f18f0
 Begin Bits: [0x0000000012ff0000, 0x00000000147f0000)
 End Bits:   [0x00000000147f0000, 0x0000000015ff0000)

Polling page: 0x00000000018e0000

CodeCache: size=245760Kb used=14331Kb max_used=15548Kb free=231428Kb
 bounds [0x0000000003320000, 0x0000000004260000, 0x0000000012320000]
 total_blobs=4772 nmethods=4042 adapters=643
 compilation: enabled

Compilation events (10 events):
Event: 9.832 Thread 0x0000000016c98000 nmethod 4438 0x00000000035e9e90 code [0x00000000035e9fe0, 0x00000000035ea218]
Event: 9.832 Thread 0x0000000016c98000 4446       4       java.util.regex.Pattern$BitClass::isSatisfiedBy (22 bytes)
Event: 9.833 Thread 0x0000000016c98000 nmethod 4446 0x0000000003897090 code [0x00000000038971c0, 0x0000000003897278]
Event: 9.833 Thread 0x0000000016c98000 4460       4       java.util.regex.Pattern$4::match (14 bytes)
Event: 9.833 Thread 0x0000000016c98000 nmethod 4460 0x000000000360be50 code [0x000000000360bf80, 0x000000000360c018]
Event: 9.833 Thread 0x0000000016c98000 4382       4       java.lang.StringBuilder::charAt (6 bytes)
Event: 9.834 Thread 0x0000000016c98000 nmethod 4382 0x00000000034b0650 code [0x00000000034b07a0, 0x00000000034b0878]
Event: 9.834 Thread 0x0000000016c98000 4387       4       java.util.regex.Pattern$Ctype::isSatisfiedBy (24 bytes)
Event: 9.834 Thread 0x0000000016c98000 nmethod 4387 0x0000000003d295d0 code [0x0000000003d29720, 0x0000000003d297f8]
Event: 9.834 Thread 0x0000000016c98000 4324       4       com.sun.org.apache.xerces.internal.utils.XMLSecurityManager::isOverLimit (10 bytes)

GC Heap History (10 events):
Event: 5.163 GC heap before
{Heap before GC invocations=8 (full 1):
 PSYoungGen      total 56832K, used 53814K [0x00000000e0000000, 0x00000000e4380000, 0x0000000100000000)
  eden space 47616K, 100% used [0x00000000e0000000,0x00000000e2e80000,0x00000000e2e80000)
  from space 9216K, 67% used [0x00000000e3a80000,0x00000000e408d840,0x00000000e4380000)
  to   space 10752K, 0% used [0x00000000e2e80000,0x00000000e2e80000,0x00000000e3900000)
 ParOldGen       total 67584K, used 9353K [0x00000000a0000000, 0x00000000a4200000, 0x00000000e0000000)
  object space 67584K, 13% used [0x00000000a0000000,0x00000000a09225a8,0x00000000a4200000)
 Metaspace       used 29754K, capacity 30366K, committed 30720K, reserved 1075200K
  class space    used 4067K, capacity 4248K, committed 4352K, reserved 1048576K
Event: 5.172 GC heap after
Heap after GC invocations=8 (full 1):
 PSYoungGen      total 58368K, used 7030K [0x00000000e0000000, 0x00000000e5680000, 0x0000000100000000)
  eden space 47616K, 0% used [0x00000000e0000000,0x00000000e0000000,0x00000000e2e80000)
  from space 10752K, 65% used [0x00000000e2e80000,0x00000000e355d998,0x00000000e3900000)
  to   space 10240K, 0% used [0x00000000e4c80000,0x00000000e4c80000,0x00000000e5680000)
 ParOldGen       total 67584K, used 9361K [0x00000000a0000000, 0x00000000a4200000, 0x00000000e0000000)
  object space 67584K, 13% used [0x00000000a0000000,0x00000000a09245a8,0x00000000a4200000)
 Metaspace       used 29754K, capacity 30366K, committed 30720K, reserved 1075200K
  class space    used 4067K, capacity 4248K, committed 4352K, reserved 1048576K
}
Event: 8.239 GC heap before
{Heap before GC invocations=9 (full 1):
 PSYoungGen      total 58368K, used 54646K [0x00000000e0000000, 0x00000000e5680000, 0x0000000100000000)
  eden space 47616K, 100% used [0x00000000e0000000,0x00000000e2e80000,0x00000000e2e80000)
  from space 10752K, 65% used [0x00000000e2e80000,0x00000000e355d998,0x00000000e3900000)
  to   space 10240K, 0% used [0x00000000e4c80000,0x00000000e4c80000,0x00000000e5680000)
 ParOldGen       total 67584K, used 9361K [0x00000000a0000000, 0x00000000a4200000, 0x00000000e0000000)
  object space 67584K, 13% used [0x00000000a0000000,0x00000000a09245a8,0x00000000a4200000)
 Metaspace       used 33531K, capacity 34210K, committed 34432K, reserved 1079296K
  class space    used 4519K, capacity 4725K, committed 4736K, reserved 1048576K
Event: 8.248 GC heap after
Heap after GC invocations=9 (full 1):
 PSYoungGen      total 75264K, used 9655K [0x00000000e0000000, 0x00000000e5600000, 0x0000000100000000)
  eden space 65536K, 0% used [0x00000000e0000000,0x00000000e0000000,0x00000000e4000000)
  from space 9728K, 99% used [0x00000000e4c80000,0x00000000e55edff8,0x00000000e5600000)
  to   space 11264K, 0% used [0x00000000e4000000,0x00000000e4000000,0x00000000e4b00000)
 ParOldGen       total 67584K, used 9433K [0x00000000a0000000, 0x00000000a4200000, 0x00000000e0000000)
  object space 67584K, 13% used [0x00000000a0000000,0x00000000a09365b8,0x00000000a4200000)
 Metaspace       used 33531K, capacity 34210K, committed 34432K, reserved 1079296K
  class space    used 4519K, capacity 4725K, committed 4736K, reserved 1048576K
}
Event: 8.386 GC heap before
{Heap before GC invocations=10 (full 1):
 PSYoungGen      total 75264K, used 22143K [0x00000000e0000000, 0x00000000e5600000, 0x0000000100000000)
  eden space 65536K, 19% used [0x00000000e0000000,0x00000000e0c31d20,0x00000000e4000000)
  from space 9728K, 99% used [0x00000000e4c80000,0x00000000e55edff8,0x00000000e5600000)
  to   space 11264K, 0% used [0x00000000e4000000,0x00000000e4000000,0x00000000e4b00000)
 ParOldGen       total 67584K, used 9433K [0x00000000a0000000, 0x00000000a4200000, 0x00000000e0000000)
  object space 67584K, 13% used [0x00000000a0000000,0x00000000a09365b8,0x00000000a4200000)
 Metaspace       used 34618K, capacity 35318K, committed 35416K, reserved 1079296K
  class space    used 4666K, capacity 4861K, committed 4864K, reserved 1048576K
Event: 8.394 GC heap after
Heap after GC invocations=10 (full 1):
 PSYoungGen      total 76800K, used 8219K [0x00000000e0000000, 0x00000000e6b80000, 0x0000000100000000)
  eden space 65536K, 0% used [0x00000000e0000000,0x00000000e0000000,0x00000000e4000000)
  from space 11264K, 72% used [0x00000000e4000000,0x00000000e4806fc0,0x00000000e4b00000)
  to   space 11264K, 0% used [0x00000000e6080000,0x00000000e6080000,0x00000000e6b80000)
 ParOldGen       total 67584K, used 9441K [0x00000000a0000000, 0x00000000a4200000, 0x00000000e0000000)
  object space 67584K, 13% used [0x00000000a0000000,0x00000000a09385b8,0x00000000a4200000)
 Metaspace       used 34618K, capacity 35318K, committed 35416K, reserved 1079296K
  class space    used 4666K, capacity 4861K, committed 4864K, reserved 1048576K
}
Event: 8.394 GC heap before
{Heap before GC invocations=11 (full 2):
 PSYoungGen      total 76800K, used 8219K [0x00000000e0000000, 0x00000000e6b80000, 0x0000000100000000)
  eden space 65536K, 0% used [0x00000000e0000000,0x00000000e0000000,0x00000000e4000000)
  from space 11264K, 72% used [0x00000000e4000000,0x00000000e4806fc0,0x00000000e4b00000)
  to   space 11264K, 0% used [0x00000000e6080000,0x00000000e6080000,0x00000000e6b80000)
 ParOldGen       total 67584K, used 9441K [0x00000000a0000000, 0x00000000a4200000, 0x00000000e0000000)
  object space 67584K, 13% used [0x00000000a0000000,0x00000000a09385b8,0x00000000a4200000)
 Metaspace       used 34618K, capacity 35318K, committed 35416K, reserved 1079296K
  class space    used 4666K, capacity 4861K, committed 4864K, reserved 1048576K
Event: 8.484 GC heap after
Heap after GC invocations=11 (full 2):
 PSYoungGen      total 76800K, used 0K [0x00000000e0000000, 0x00000000e6b80000, 0x0000000100000000)
  eden space 65536K, 0% used [0x00000000e0000000,0x00000000e0000000,0x00000000e4000000)
  from space 11264K, 0% used [0x00000000e4000000,0x00000000e4000000,0x00000000e4b00000)
  to   space 11264K, 0% used [0x00000000e6080000,0x00000000e6080000,0x00000000e6b80000)
 ParOldGen       total 95744K, used 14643K [0x00000000a0000000, 0x00000000a5d80000, 0x00000000e0000000)
  object space 95744K, 15% used [0x00000000a0000000,0x00000000a0e4ccf8,0x00000000a5d80000)
 Metaspace       used 34618K, capacity 35318K, committed 35416K, reserved 1079296K
  class space    used 4666K, capacity 4861K, committed 4864K, reserved 1048576K
}
Event: 9.152 GC heap before
{Heap before GC invocations=12 (full 2):
 PSYoungGen      total 76800K, used 65536K [0x00000000e0000000, 0x00000000e6b80000, 0x0000000100000000)
  eden space 65536K, 100% used [0x00000000e0000000,0x00000000e4000000,0x00000000e4000000)
  from space 11264K, 0% used [0x00000000e4000000,0x00000000e4000000,0x00000000e4b00000)
  to   space 11264K, 0% used [0x00000000e6080000,0x00000000e6080000,0x00000000e6b80000)
 ParOldGen       total 95744K, used 14643K [0x00000000a0000000, 0x00000000a5d80000, 0x00000000e0000000)
  object space 95744K, 15% used [0x00000000a0000000,0x00000000a0e4ccf8,0x00000000a5d80000)
 Metaspace       used 37937K, capacity 38752K, committed 38912K, reserved 1083392K
  class space    used 5083K, capacity 5307K, committed 5376K, reserved 1048576K
Event: 9.169 GC heap after
Heap after GC invocations=12 (full 2):
 PSYoungGen      total 98816K, used 6946K [0x00000000e0000000, 0x00000000e6c00000, 0x0000000100000000)
  eden space 87552K, 0% used [0x00000000e0000000,0x00000000e0000000,0x00000000e5580000)
  from space 11264K, 61% used [0x00000000e6080000,0x00000000e6748918,0x00000000e6b80000)
  to   space 11264K, 0% used [0x00000000e5580000,0x00000000e5580000,0x00000000e6080000)
 ParOldGen       total 95744K, used 14651K [0x00000000a0000000, 0x00000000a5d80000, 0x00000000e0000000)
  object space 95744K, 15% used [0x00000000a0000000,0x00000000a0e4ecf8,0x00000000a5d80000)
 Metaspace       used 37937K, capacity 38752K, committed 38912K, reserved 1083392K
  class space    used 5083K, capacity 5307K, committed 5376K, reserved 1048576K
}

Deoptimization events (10 events):
Event: 9.639 Thread 0x0000000019a74000 Uncommon trap: reason=class_check action=maybe_recompile pc=0x0000000003ec1000 method=com.sun.org.apache.xerces.internal.impl.XMLDocumentFragmentScannerImpl.scanEndElement()I @ 142
Event: 9.639 Thread 0x0000000019a74000 Uncommon trap: reason=class_check action=maybe_recompile pc=0x0000000003ec1000 method=com.sun.org.apache.xerces.internal.impl.XMLDocumentFragmentScannerImpl.scanEndElement()I @ 142
Event: 9.640 Thread 0x0000000019a74000 Uncommon trap: reason=bimorphic action=maybe_recompile pc=0x0000000003e68464 method=com.sun.org.apache.xerces.internal.impl.XMLEntityManager$RewindableInputStream.read([BII)I @ 89
Event: 9.656 Thread 0x0000000019a74000 Uncommon trap: reason=bimorphic action=maybe_recompile pc=0x0000000003e68464 method=com.sun.org.apache.xerces.internal.impl.XMLEntityManager$RewindableInputStream.read([BII)I @ 89
Event: 9.735 Thread 0x0000000019a74000 Uncommon trap: reason=unstable_if action=reinterpret pc=0x0000000003d99388 method=java.lang.CharacterDataLatin1.digit(II)I @ 31
Event: 9.743 Thread 0x0000000019a74000 Uncommon trap: reason=bimorphic action=maybe_recompile pc=0x0000000003483568 method=com.sun.org.apache.xerces.internal.impl.XMLDocumentFragmentScannerImpl.scanEndElement()I @ 142
Event: 9.743 Thread 0x0000000019a74000 Uncommon trap: reason=bimorphic action=maybe_recompile pc=0x0000000003483568 method=com.sun.org.apache.xerces.internal.impl.XMLDocumentFragmentScannerImpl.scanEndElement()I @ 142
Event: 9.743 Thread 0x0000000019a74000 Uncommon trap: reason=bimorphic action=maybe_recompile pc=0x0000000003483568 method=com.sun.org.apache.xerces.internal.impl.XMLDocumentFragmentScannerImpl.scanEndElement()I @ 142
Event: 9.743 Thread 0x0000000019a74000 Uncommon trap: reason=bimorphic action=maybe_recompile pc=0x0000000003483568 method=com.sun.org.apache.xerces.internal.impl.XMLDocumentFragmentScannerImpl.scanEndElement()I @ 142
Event: 9.754 Thread 0x0000000019a74000 Uncommon trap: reason=unstable_if action=reinterpret pc=0x0000000003c6eee8 method=java.lang.CharacterDataLatin1.digit(II)I @ 31

Internal exceptions (10 events):
Event: 9.433 Thread 0x0000000019a74000 Exception <a 'sun/nio/fs/WindowsException'> (0x00000000e17e0f48) thrown at [C:\src\android\AOSP-openjdk\external\jetbrains\jdk\hotspot\src\share\vm\prims\jni.cpp, line 709]
Event: 9.433 Thread 0x0000000019a74000 Exception <a 'sun/nio/fs/WindowsException'> (0x00000000e17e1b18) thrown at [C:\src\android\AOSP-openjdk\external\jetbrains\jdk\hotspot\src\share\vm\prims\jni.cpp, line 709]
Event: 9.433 Thread 0x0000000019a74000 Exception <a 'sun/nio/fs/WindowsException'> (0x00000000e17e3730) thrown at [C:\src\android\AOSP-openjdk\external\jetbrains\jdk\hotspot\src\share\vm\prims\jni.cpp, line 709]
Event: 9.433 Thread 0x0000000019a74000 Exception <a 'sun/nio/fs/WindowsException'> (0x00000000e17e4338) thrown at [C:\src\android\AOSP-openjdk\external\jetbrains\jdk\hotspot\src\share\vm\prims\jni.cpp, line 709]
Event: 9.433 Thread 0x0000000019a74000 Exception <a 'sun/nio/fs/WindowsException'> (0x00000000e17e7048) thrown at [C:\src\android\AOSP-openjdk\external\jetbrains\jdk\hotspot\src\share\vm\prims\jni.cpp, line 709]
Event: 9.433 Thread 0x0000000019a74000 Exception <a 'sun/nio/fs/WindowsException'> (0x00000000e17e7c90) thrown at [C:\src\android\AOSP-openjdk\external\jetbrains\jdk\hotspot\src\share\vm\prims\jni.cpp, line 709]
Event: 9.433 Thread 0x0000000019a74000 Exception <a 'sun/nio/fs/WindowsException'> (0x00000000e17e9920) thrown at [C:\src\android\AOSP-openjdk\external\jetbrains\jdk\hotspot\src\share\vm\prims\jni.cpp, line 709]
Event: 9.434 Thread 0x0000000019a74000 Exception <a 'sun/nio/fs/WindowsException'> (0x00000000e17ea5a0) thrown at [C:\src\android\AOSP-openjdk\external\jetbrains\jdk\hotspot\src\share\vm\prims\jni.cpp, line 709]
Event: 9.440 Thread 0x0000000019a74000 Exception <a 'java/lang/ClassNotFoundException': com/sun/org/glassfish/hk2/osgiresourcelocator/ServiceLoader> (0x00000000e183fca0) thrown at [C:\src\android\AOSP-openjdk\external\jetbrains\jdk\hotspot\src\share\vm\classfile\systemDictionary.cpp, line 210]
Event: 9.446 Thread 0x0000000019a74000 Exception <a 'java/lang/NullPointerException'> (0x00000000e18748c8) thrown at [C:\src\android\AOSP-openjdk\external\jetbrains\jdk\hotspot\src\share\vm\interpreter\linkResolver.cpp, line 1280]

Events (10 events):
Event: 9.743 Thread 0x0000000019a74000 DEOPT PACKING pc=0x0000000003483568 sp=0x000000001c25c0d0
Event: 9.743 Thread 0x0000000019a74000 DEOPT UNPACKING pc=0x000000000336556a sp=0x000000001c25c0a0 mode 2
Event: 9.743 Thread 0x0000000019a74000 Uncommon trap: trap_request=0xffffffc6 fr.pc=0x0000000003483568
Event: 9.743 Thread 0x0000000019a74000 DEOPT PACKING pc=0x0000000003483568 sp=0x000000001c25c0d0
Event: 9.743 Thread 0x0000000019a74000 DEOPT UNPACKING pc=0x000000000336556a sp=0x000000001c25c0a0 mode 2
Event: 9.744 loading class com/sun/xml/internal/bind/v2/runtime/unmarshaller/DefaultIDResolver$1
Event: 9.745 loading class com/sun/xml/internal/bind/v2/runtime/unmarshaller/DefaultIDResolver$1 done
Event: 9.754 Thread 0x0000000019a74000 Uncommon trap: trap_request=0xffffff65 fr.pc=0x0000000003c6eee8
Event: 9.754 Thread 0x0000000019a74000 DEOPT PACKING pc=0x0000000003c6eee8 sp=0x000000001c25bd30
Event: 9.754 Thread 0x0000000019a74000 DEOPT UNPACKING pc=0x000000000336556a sp=0x000000001c25bca0 mode 2


Dynamic libraries:
0x00007ff611270000 - 0x00007ff6112a1000 	C:\Program Files\Android\Android Studio\jre\bin\java.exe
0x00007ff9160b0000 - 0x00007ff916281000 	C:\Windows\SYSTEM32\ntdll.dll
0x00007ff913ed0000 - 0x00007ff913f7b000 	C:\Windows\System32\KERNEL32.DLL
0x00007ff912c80000 - 0x00007ff912e9d000 	C:\Windows\System32\KERNELBASE.dll
0x00007ff914780000 - 0x00007ff914822000 	C:\Windows\System32\ADVAPI32.dll
0x00007ff913e30000 - 0x00007ff913ece000 	C:\Windows\System32\msvcrt.dll
0x00007ff913640000 - 0x00007ff913699000 	C:\Windows\System32\sechost.dll
0x00007ff9136a0000 - 0x00007ff9137c1000 	C:\Windows\System32\RPCRT4.dll
0x00007ff914360000 - 0x00007ff9144c5000 	C:\Windows\System32\USER32.dll
0x00007ff912650000 - 0x00007ff91266e000 	C:\Windows\System32\win32u.dll
0x00007ff913f80000 - 0x00007ff913fb4000 	C:\Windows\System32\GDI32.dll
0x00007ff912990000 - 0x00007ff912b12000 	C:\Windows\System32\gdi32full.dll
0x00007ff909980000 - 0x00007ff909bf9000 	C:\Windows\WinSxS\amd64_microsoft.windows.common-controls_6595b64144ccf1df_6.0.14393.447_none_42191651c6827bb3\COMCTL32.dll
0x00007ff913fc0000 - 0x00007ff914288000 	C:\Windows\System32\combase.dll
0x00007ff912b20000 - 0x00007ff912c15000 	C:\Windows\System32\ucrtbase.dll
0x00007ff913580000 - 0x00007ff9135ea000 	C:\Windows\System32\bcryptPrimitives.dll
0x00007ff9144d0000 - 0x00007ff9144fe000 	C:\Windows\System32\IMM32.DLL
0x000000005d850000 - 0x000000005d922000 	C:\Program Files\Android\Android Studio\jre\jre\bin\msvcr100.dll
0x000000005d930000 - 0x000000005e16c000 	C:\Program Files\Android\Android Studio\jre\jre\bin\server\jvm.dll
0x00007ff9137d0000 - 0x00007ff9137d8000 	C:\Windows\System32\PSAPI.DLL
0x00007ff906350000 - 0x00007ff906359000 	C:\Windows\SYSTEM32\WSOCK32.dll
0x00007ff9109d0000 - 0x00007ff9109f3000 	C:\Windows\SYSTEM32\WINMM.dll
0x00007ff90e4e0000 - 0x00007ff90e4ea000 	C:\Windows\SYSTEM32\VERSION.dll
0x00007ff914710000 - 0x00007ff91477a000 	C:\Windows\System32\WS2_32.dll
0x00000000018b0000 - 0x00000000018db000 	C:\Windows\SYSTEM32\WINMMBASE.dll
0x00007ff9135f0000 - 0x00007ff913632000 	C:\Windows\System32\cfgmgr32.dll
0x00007ff909710000 - 0x00007ff90971f000 	C:\Program Files\Android\Android Studio\jre\jre\bin\verify.dll
0x00007ff8ff710000 - 0x00007ff8ff739000 	C:\Program Files\Android\Android Studio\jre\jre\bin\java.dll
0x00007ff903a80000 - 0x00007ff903a96000 	C:\Program Files\Android\Android Studio\jre\jre\bin\zip.dll
0x00007ff914930000 - 0x00007ff915e39000 	C:\Windows\System32\SHELL32.dll
0x00007ff912ea0000 - 0x00007ff91357a000 	C:\Windows\System32\windows.storage.dll
0x00007ff912520000 - 0x00007ff91256c000 	C:\Windows\System32\powrprof.dll
0x00007ff916040000 - 0x00007ff916092000 	C:\Windows\System32\shlwapi.dll
0x00007ff912590000 - 0x00007ff91259f000 	C:\Windows\System32\kernel.appcore.dll
0x00007ff9125a0000 - 0x00007ff912649000 	C:\Windows\System32\shcore.dll
0x00007ff912570000 - 0x00007ff912584000 	C:\Windows\System32\profapi.dll
0x00007ff902640000 - 0x00007ff90265a000 	C:\Program Files\Android\Android Studio\jre\jre\bin\net.dll
0x00007ff911e40000 - 0x00007ff911e9c000 	C:\Windows\system32\mswsock.dll
0x00007ff901f60000 - 0x00007ff901f71000 	C:\Program Files\Android\Android Studio\jre\jre\bin\nio.dll
0x00007ff8fdb00000 - 0x00007ff8fdb1e000 	C:\Users\J&A\.gradle\native\23\windows-amd64\native-platform.dll
0x00007ff911ff0000 - 0x00007ff912007000 	C:\Windows\SYSTEM32\CRYPTSP.dll
0x00007ff911a50000 - 0x00007ff911a83000 	C:\Windows\system32\rsaenh.dll
0x00007ff9120f0000 - 0x00007ff91211b000 	C:\Windows\SYSTEM32\bcrypt.dll
0x00007ff911cc0000 - 0x00007ff911cdf000 	C:\Windows\SYSTEM32\USERENV.dll
0x00007ff911fe0000 - 0x00007ff911feb000 	C:\Windows\SYSTEM32\CRYPTBASE.dll
0x00007ff911bd0000 - 0x00007ff911c08000 	C:\Windows\SYSTEM32\IPHLPAPI.DLL
0x00007ff9160a0000 - 0x00007ff9160a8000 	C:\Windows\System32\NSI.dll
0x00007ff90b940000 - 0x00007ff90b956000 	C:\Windows\SYSTEM32\dhcpcsvc6.DLL
0x00007ff90baa0000 - 0x00007ff90baba000 	C:\Windows\SYSTEM32\dhcpcsvc.DLL
0x00007ff9082e0000 - 0x00007ff9082ed000 	C:\Program Files\Android\Android Studio\jre\jre\bin\management.dll
0x00007ff905c30000 - 0x00007ff905dc2000 	C:\Windows\SYSTEM32\dbghelp.dll

VM Arguments:
jvm_args: -Xmx1536m -Dfile.encoding=windows-1252 -Duser.country=ES -Duser.language=es -Duser.variant 
java_command: org.gradle.launcher.daemon.bootstrap.GradleDaemon 3.3
java_class_path (initial): C:\Users\J&A\.gradle\wrapper\dists\gradle-3.3-all\55gk2rcmfc6p2dg9u9ohc3hw9\gradle-3.3\lib\gradle-launcher-3.3.jar
Launcher Type: SUN_STANDARD

Environment Variables:
PATH=C:\ProgramData\Oracle\Java\javapath;C:\Windows\system32;C:\Windows;C:\Windows\System32\Wbem;C:\Windows\System32\WindowsPowerShell\v1.0\;C:\Program Files (x86)\ATI Technologies\ATI.ACE\Core-Static;C:\Program Files (x86)\Calibre2\;C:\Program Files (x86)\Windows Kits\8.1\Windows Performance Toolkit\;C:\Program Files\Microsoft SQL Server\120\Tools\Binn\;C:\Users\J&A\AppData\Local\Microsoft\WindowsApps;
USERNAME=J&A
OS=Windows_NT
PROCESSOR_IDENTIFIER=Intel64 Family 6 Model 30 Stepping 5, GenuineIntel



---------------  S Y S T E M  ---------------

OS: Windows 10.0 , 64 bit Build 14393 (10.0.14393.0)

CPU:total 4 (4 cores per cpu, 1 threads per core) family 6 model 30 stepping 5, cmov, cx8, fxsr, mmx, sse, sse2, sse3, ssse3, sse4.1, sse4.2, popcnt, tsc, tscinvbit

Memory: 4k page, physical 8353840k(3390588k free), swap 9664560k(3094268k free)

vm_info: OpenJDK 64-Bit Server VM (25.112-b06) for windows-amd64 JRE (1.8.0_112-release-b06), built on Dec  8 2016 00:54:26 by "builder" with MS VC++ 10.0 (VS2010)

time: Sat Sep 23 10:43:27 2017
elapsed time: 9 seconds (0d 0h 0m 9s)

